Build started 04.05.2016 19:54:23.
     1>Project "C:\Users\Sharabbaeva\documents\visual studio 2013\Projects\1\1\1.vcxproj" on node 2 (Build target(s)).
     1>ClCompile:
         C:\Program Files\Microsoft Visual Studio 12.0\VC\bin\CL.exe /c /ZI /nologo /W3 /WX- /sdl /Od /Oy- /D WIN32 /D _DEBUG /D _CONSOLE /D _LIB /D _USING_V110_SDK71_ /D _UNICODE /D UNICODE /Gm /EHsc /RTC1 /MDd /GS /fp:precise /Zc:wchar_t /Zc:forScope /Fo"Debug\\" /Fd"Debug\vc120.pdb" /Gd /TP /analyze- /errorReport:prompt Car.cpp Engine.cpp Seat.cpp Source.cpp Window.cpp
         Window.cpp
         Source.cpp
         Seat.cpp
         Engine.cpp
         Car.cpp
         Generating Code...
       Link:
         C:\Program Files\Microsoft Visual Studio 12.0\VC\bin\link.exe /ERRORREPORT:PROMPT /OUT:"C:\Users\Sharabbaeva\documents\visual studio 2013\Projects\1\Debug\1.exe" /INCREMENTAL /NOLOGO kernel32.lib user32.lib gdi32.lib winspool.lib comdlg32.lib advapi32.lib shell32.lib ole32.lib oleaut32.lib uuid.lib odbc32.lib odbccp32.lib /MANIFEST /MANIFESTUAC:"level='asInvoker' uiAccess='false'" /manifest:embed /DEBUG /PDB:"C:\Users\Sharabbaeva\documents\visual studio 2013\Projects\1\Debug\1.pdb" /SUBSYSTEM:CONSOLE,"5.01" /TLBID:1 /DYNAMICBASE /NXCOMPAT /IMPLIB:"C:\Users\Sharabbaeva\documents\visual studio 2013\Projects\1\Debug\1.lib" /MACHINE:X86 Debug\Car.obj
         Debug\Engine.obj
         Debug\Seat.obj
         Debug\Source.obj
         Debug\Window.obj
         1.vcxproj -> C:\Users\Sharabbaeva\documents\visual studio 2013\Projects\1\Debug\1.exe
     1>Done Building Project "C:\Users\Sharabbaeva\documents\visual studio 2013\Projects\1\1\1.vcxproj" (Build target(s)).

Build succeeded.

Time Elapsed 00:00:07.31
